2023-03-14 13:40:34.585 [I] [CAMILINHA ========            ] ==================== atvise server (3.4.0 (560-cb1aefc07) 32bit / Windows NT 6.2 (Build 9200) IA32) ====================
2023-03-14 13:40:34.599 [I] [CAMILINHA ========            ] ==================== license id: CAREL ====================
2023-03-14 13:40:34.600 [I] [CAMILINHA CNM                 ] Registered listener CORE (1)
2023-03-14 13:40:34.600 [I] [CAMILINHA CNM                 ] Registered listener TaskManager::Connector (2)
2023-03-14 13:40:34.606 [N] [CAMILINHA CORE                ] Starting
2023-03-14 13:40:34.612 [I] [CAMILINHA CNM                 ] Registered listener OPCUA (3)
2023-03-14 13:40:34.613 [I] [CAMILINHA CNM                 ] Registered listener DATABASE (4)
2023-03-14 13:40:34.617 [N] [CAMILINHA CORE                ] Up
2023-03-14 13:40:34.618 [I] [CAMILINHA CORE                ] SYSTEM-STATE: Loading
2023-03-14 13:40:34.668 [N] [CAMILINHA OPCUA               ] Starting
2023-03-14 13:40:34.689 [N] [CAMILINHA DATABASE            ] Starting
2023-03-14 13:40:35.045 [N] [CAMILINHA DATABASE            ] Up
2023-03-14 13:40:35.046 [N] [CAMILINHA OPCUA               ] Loaded
2023-03-14 13:40:35.159 [I] [CAMILINHA OPCUA               ] importing XML files from: C:\Program Files (x86)\CAREL\c.web\defaultimport
2023-03-14 13:40:37.091 [N] [CAMILINHA OPCUA               ] Up
2023-03-14 13:40:37.097 [I] [CAMILINHA CORE                ] SYSTEM-STATE: Loaded
2023-03-14 13:40:37.097 [I] [CAMILINHA CORE                ] SYSTEM-STATE: Starting
2023-03-14 13:40:37.097 [I] [CAMILINHA CNM                 ] Registered listener SCRIPT (5)
2023-03-14 13:40:37.097 [W] [CAMILINHA SCRIPT              ] Cannot trigger web, node, alarm, time and event triggered scripts in restricted mode.
2023-03-14 13:40:37.097 [I] [CAMILINHA CNM                 ] Registered listener GENERATOR (6)
2023-03-14 13:40:37.113 [N] [CAMILINHA GENERATOR           ] Starting
2023-03-14 13:40:37.113 [N] [CAMILINHA SCRIPT              ] Starting
2023-03-14 13:40:37.123 [N] [CAMILINHA SCRIPTV8M           ] Loading extension v8x_data.dll
2023-03-14 13:40:37.151 [N] [CAMILINHA SCRIPTV8M           ] Loading extension v8x_network.dll
2023-03-14 13:40:37.157 [N] [CAMILINHA SCRIPTV8M           ] Loading extension v8x_odbc.dll
2023-03-14 13:40:37.159 [N] [CAMILINHA SCRIPTV8M           ] Loading extension v8x_system.dll
2023-03-14 13:40:37.317 [N] [CAMILINHA GENERATOR           ] Up
2023-03-14 13:40:37.325 [N] [CAMILINHA SCRIPT              ] Up
2023-03-14 13:40:37.325 [I] [CAMILINHA CORE                ] SYSTEM-STATE: Up
2023-03-14 13:42:49.967 [E] [CAMILINHA GENERATOR           ] Couldn't distribute server 'ESPLANADA': FTP Exception: Cannot remove 10pavb.png: 550 Could not delete 10pavb.png: No such file or directory
2023-03-14 13:44:58.127 [E] [CAMILINHA GENERATOR           ] Couldn't distribute server 'ESPLANADA': FTP Exception: Cannot remove 10pavb.png: 550 Could not delete 10pavb.png: No such file or directory
2023-03-14 13:46:47.106 [E] [CAMILINHA GENERATOR           ] Couldn't distribute server 'ESPLANADA': FTP Exception: Cannot remove 10pavb.png: 550 Could not delete 10pavb.png: No such file or directory
2023-03-14 13:48:48.046 [E] [CAMILINHA GENERATOR           ] Couldn't distribute server 'ESPLANADA': FTP Exception: Cannot remove 10pavb.png: 550 Could not delete 10pavb.png: No such file or directory
2023-03-14 13:50:19.471 [E] [CAMILINHA GENERATOR           ] Couldn't distribute server 'ESPLANADA': FTP Exception: Cannot remove 10pavb.png: 550 Could not delete 10pavb.png: No such file or directory
2023-03-14 13:51:22.140 [E] [CAMILINHA GENERATOR           ] Couldn't distribute server 'ESPLANADA': FTP Exception: Cannot remove 10pavb.png: 550 Could not delete 10pavb.png: No such file or directory
2023-03-14 13:52:09.635 [E] [CAMILINHA GENERATOR           ] Couldn't distribute server 'ESPLANADA': FTP Exception: Cannot remove 10pavb.png: 550 Could not delete 10pavb.png: No such file or directory
2023-03-14 13:53:02.377 [E] [CAMILINHA GENERATOR           ] Couldn't distribute server 'ESPLANADA': FTP Exception: Cannot remove 10pavb.png: 550 Could not delete 10pavb.png: No such file or directory
2023-03-14 13:54:35.131 [E] [CAMILINHA GENERATOR           ] Couldn't distribute server 'ESPLANADA': FTP Exception: Cannot remove 10pavb.png: 550 Could not delete 10pavb.png: No such file or directory
2023-03-14 13:58:58.315 [E] [CAMILINHA GENERATOR           ] Couldn't distribute server 'ESPLANADA': FTP Exception: Cannot remove 10pavb.png: 550 Could not delete 10pavb.png: No such file or directory
2023-03-14 14:01:01.059 [E] [CAMILINHA GENERATOR           ] Couldn't distribute server 'ESPLANADA': FTP Exception: Cannot remove 10pavb.png: 550 Could not delete 10pavb.png: No such file or directory
2023-03-14 14:06:52.505 [E] [CAMILINHA GENERATOR           ] Couldn't distribute server 'ESPLANADA': FTP Exception: Cannot remove 10pavb.png: 550 Could not delete 10pavb.png: No such file or directory
2023-03-14 14:13:45.484 [E] [CAMILINHA GENERATOR           ] Couldn't distribute server 'ESPLANADA': FTP Exception: Cannot remove 10pavb.png: 550 Could not delete 10pavb.png: No such file or directory
2023-03-14 14:20:34.697 [E] [CAMILINHA GENERATOR           ] Couldn't distribute server 'ESPLANADA': FTP Exception: Cannot remove 10pavb.png: 550 Could not delete 10pavb.png: No such file or directory
2023-03-14 14:35:07.800 [E] [CAMILINHA GENERATOR           ] Couldn't distribute server 'ESPLANADA': FTP Exception: Cannot remove 10pavb.png: 550 Could not delete 10pavb.png: No such file or directory
2023-03-14 14:38:15.029 [E] [CAMILINHA GENERATOR           ] Couldn't distribute server 'ESPLANADA': FTP Exception: Cannot remove 10pavb.png: 550 Could not delete 10pavb.png: No such file or directory
2023-03-14 15:04:22.307 [E] [CAMILINHA GENERATOR           ] Couldn't distribute server 'ESPLANADA': FTP Exception: Cannot remove 10pavb.png: 550 Could not delete 10pavb.png: No such file or directory
2023-03-14 15:04:44.874 [N] [CAMILINHA CORE                ] Stopping modules
2023-03-14 15:04:44.875 [I] [CAMILINHA CORE                ] SYSTEM-STATE: Stopping
2023-03-14 15:04:44.891 [N] [CAMILINHA GENERATOR           ] Stopping
2023-03-14 15:04:44.893 [N] [CAMILINHA SCRIPT              ] Stopping
2023-03-14 15:04:44.906 [N] [CAMILINHA GENERATOR           ] Down
2023-03-14 15:04:44.953 [N] [CAMILINHA SCRIPT              ] Down
2023-03-14 15:04:44.954 [I] [CAMILINHA SCRIPT              ] Unregistering SCRIPT (5)
2023-03-14 15:04:44.978 [I] [CAMILINHA GENERATOR           ] Unregistering GENERATOR (6)
2023-03-14 15:04:44.990 [I] [CAMILINHA CORE                ] SYSTEM-STATE: Loaded
2023-03-14 15:04:44.990 [I] [CAMILINHA CORE                ] SYSTEM-STATE: Unloading
2023-03-14 15:04:44.991 [N] [CAMILINHA OPCUA               ] Stopping
2023-03-14 15:04:44.993 [N] [CAMILINHA DATABASE            ] Stopping
2023-03-14 15:04:45.102 [N] [CAMILINHA DATABASE            ] Down
2023-03-14 15:04:45.341 [N] [CAMILINHA OPCUA               ] Down
2023-03-14 15:04:45.350 [I] [CAMILINHA CORE                ] SYSTEM-STATE: Down
2023-03-14 15:04:45.520 [N] [CAMILINHA CORE                ] Down
2023-03-15 08:33:05.063 [I] [CAMILINHA ========            ] ==================== atvise server (3.4.0 (560-cb1aefc07) 32bit / Windows NT 6.2 (Build 9200) IA32) ====================
2023-03-15 08:33:05.074 [I] [CAMILINHA ========            ] ==================== license id: CAREL ====================
2023-03-15 08:33:05.074 [I] [CAMILINHA CNM                 ] Registered listener CORE (1)
2023-03-15 08:33:05.075 [I] [CAMILINHA CNM                 ] Registered listener TaskManager::Connector (2)
2023-03-15 08:33:05.077 [N] [CAMILINHA CORE                ] Starting
2023-03-15 08:33:05.082 [I] [CAMILINHA CNM                 ] Registered listener OPCUA (3)
2023-03-15 08:33:05.082 [I] [CAMILINHA CNM                 ] Registered listener DATABASE (4)
2023-03-15 08:33:05.091 [N] [CAMILINHA CORE                ] Up
2023-03-15 08:33:05.091 [I] [CAMILINHA CORE                ] SYSTEM-STATE: Loading
2023-03-15 08:33:05.123 [N] [CAMILINHA OPCUA               ] Starting
2023-03-15 08:33:05.131 [N] [CAMILINHA DATABASE            ] Starting
2023-03-15 08:33:05.590 [N] [CAMILINHA DATABASE            ] Up
2023-03-15 08:33:05.590 [N] [CAMILINHA OPCUA               ] Loaded
2023-03-15 08:33:05.606 [N] [CAMILINHA OPCUA               ] Up
2023-03-15 08:33:05.621 [I] [CAMILINHA CORE                ] SYSTEM-STATE: Loaded
2023-03-15 08:33:05.621 [I] [CAMILINHA CORE                ] SYSTEM-STATE: Starting
2023-03-15 08:33:05.621 [I] [CAMILINHA CNM                 ] Registered listener SCRIPT (5)
2023-03-15 08:33:05.621 [W] [CAMILINHA SCRIPT              ] Cannot trigger web, node, alarm, time and event triggered scripts in restricted mode.
2023-03-15 08:33:05.621 [I] [CAMILINHA CNM                 ] Registered listener GENERATOR (6)
2023-03-15 08:33:05.636 [N] [CAMILINHA SCRIPT              ] Starting
2023-03-15 08:33:05.636 [N] [CAMILINHA GENERATOR           ] Starting
2023-03-15 08:33:05.642 [N] [CAMILINHA SCRIPTV8M           ] Loading extension v8x_data.dll
2023-03-15 08:33:05.690 [N] [CAMILINHA SCRIPTV8M           ] Loading extension v8x_network.dll
2023-03-15 08:33:05.723 [N] [CAMILINHA SCRIPTV8M           ] Loading extension v8x_odbc.dll
2023-03-15 08:33:05.762 [N] [CAMILINHA SCRIPTV8M           ] Loading extension v8x_system.dll
2023-03-15 08:33:05.932 [N] [CAMILINHA GENERATOR           ] Up
2023-03-15 08:33:05.948 [N] [CAMILINHA SCRIPT              ] Up
2023-03-15 08:33:05.948 [I] [CAMILINHA CORE                ] SYSTEM-STATE: Up
2023-03-15 08:37:11.389 [E] [CAMILINHA GENERATOR           ] Couldn't distribute server 'ESPLANADA': FTP Exception: Cannot remove 10pavb.png: 550 Could not delete 10pavb.png: No such file or directory
2023-03-15 09:19:02.891 [N] [CAMILINHA CORE                ] Stopping modules
2023-03-15 09:19:02.898 [I] [CAMILINHA CORE                ] SYSTEM-STATE: Stopping
2023-03-15 09:19:02.900 [N] [CAMILINHA GENERATOR           ] Stopping
2023-03-15 09:19:02.903 [N] [CAMILINHA SCRIPT              ] Stopping
2023-03-15 09:19:02.913 [N] [CAMILINHA GENERATOR           ] Down
2023-03-15 09:19:02.966 [N] [CAMILINHA SCRIPT              ] Down
2023-03-15 09:19:02.968 [I] [CAMILINHA SCRIPT              ] Unregistering SCRIPT (5)
2023-03-15 09:19:03.000 [I] [CAMILINHA GENERATOR           ] Unregistering GENERATOR (6)
2023-03-15 09:19:03.013 [I] [CAMILINHA CORE                ] SYSTEM-STATE: Loaded
2023-03-15 09:19:03.013 [I] [CAMILINHA CORE                ] SYSTEM-STATE: Unloading
2023-03-15 09:19:03.014 [N] [CAMILINHA OPCUA               ] Stopping
2023-03-15 09:19:03.019 [N] [CAMILINHA DATABASE            ] Stopping
2023-03-15 09:19:03.118 [N] [CAMILINHA DATABASE            ] Down
2023-03-15 09:19:03.462 [N] [CAMILINHA OPCUA               ] Down
2023-03-15 09:19:03.469 [I] [CAMILINHA CORE                ] SYSTEM-STATE: Down
2023-03-15 09:19:03.641 [N] [CAMILINHA CORE                ] Down
2023-03-15 09:40:47.359 [I] [CAMILINHA ========            ] ==================== atvise server (3.4.0 (560-cb1aefc07) 32bit / Windows NT 6.2 (Build 9200) IA32) ====================
2023-03-15 09:40:47.379 [I] [CAMILINHA ========            ] ==================== license id: CAREL ====================
2023-03-15 09:40:47.379 [I] [CAMILINHA CNM                 ] Registered listener CORE (1)
2023-03-15 09:40:47.379 [I] [CAMILINHA CNM                 ] Registered listener TaskManager::Connector (2)
2023-03-15 09:40:47.382 [N] [CAMILINHA CORE                ] Starting
2023-03-15 09:40:47.471 [I] [CAMILINHA CNM                 ] Registered listener OPCUA (3)
2023-03-15 09:40:47.471 [I] [CAMILINHA CNM                 ] Registered listener DATABASE (4)
2023-03-15 09:40:47.482 [N] [CAMILINHA CORE                ] Up
2023-03-15 09:40:47.482 [I] [CAMILINHA CORE                ] SYSTEM-STATE: Loading
2023-03-15 09:40:47.687 [N] [CAMILINHA OPCUA               ] Starting
2023-03-15 09:40:47.693 [N] [CAMILINHA DATABASE            ] Starting
2023-03-15 09:40:48.182 [N] [CAMILINHA DATABASE            ] Up
2023-03-15 09:40:48.182 [N] [CAMILINHA OPCUA               ] Loaded
2023-03-15 09:40:48.198 [N] [CAMILINHA OPCUA               ] Up
2023-03-15 09:40:48.213 [I] [CAMILINHA CORE                ] SYSTEM-STATE: Loaded
2023-03-15 09:40:48.213 [I] [CAMILINHA CORE                ] SYSTEM-STATE: Starting
2023-03-15 09:40:48.213 [I] [CAMILINHA CNM                 ] Registered listener SCRIPT (5)
2023-03-15 09:40:48.213 [W] [CAMILINHA SCRIPT              ] Cannot trigger web, node, alarm, time and event triggered scripts in restricted mode.
2023-03-15 09:40:48.213 [I] [CAMILINHA CNM                 ] Registered listener GENERATOR (6)
2023-03-15 09:40:48.228 [N] [CAMILINHA SCRIPT              ] Starting
2023-03-15 09:40:48.228 [N] [CAMILINHA GENERATOR           ] Starting
2023-03-15 09:40:48.232 [N] [CAMILINHA SCRIPTV8M           ] Loading extension v8x_data.dll
2023-03-15 09:40:48.275 [N] [CAMILINHA SCRIPTV8M           ] Loading extension v8x_network.dll
2023-03-15 09:40:48.308 [N] [CAMILINHA SCRIPTV8M           ] Loading extension v8x_odbc.dll
2023-03-15 09:40:48.373 [N] [CAMILINHA SCRIPTV8M           ] Loading extension v8x_system.dll
2023-03-15 09:40:48.541 [N] [CAMILINHA GENERATOR           ] Up
2023-03-15 09:40:48.558 [N] [CAMILINHA SCRIPT              ] Up
2023-03-15 09:40:48.558 [I] [CAMILINHA CORE                ] SYSTEM-STATE: Up
2023-03-15 09:41:06.121 [E] [CAMILINHA GENERATOR           ] Couldn't distribute server 'ESPLANADA': FTP Exception: Cannot remove 10pavb.png: 550 Could not delete 10pavb.png: No such file or directory
2023-03-15 09:41:21.064 [N] [CAMILINHA CORE                ] Stopping modules
2023-03-15 09:41:21.064 [I] [CAMILINHA CORE                ] SYSTEM-STATE: Stopping
2023-03-15 09:41:21.079 [N] [CAMILINHA SCRIPT              ] Stopping
2023-03-15 09:41:21.079 [N] [CAMILINHA GENERATOR           ] Stopping
2023-03-15 09:41:21.095 [N] [CAMILINHA GENERATOR           ] Down
2023-03-15 09:41:21.096 [N] [CAMILINHA SCRIPT              ] Down
2023-03-15 09:41:21.096 [I] [CAMILINHA SCRIPT              ] Unregistering SCRIPT (5)
2023-03-15 09:41:21.097 [I] [CAMILINHA GENERATOR           ] Unregistering GENERATOR (6)
2023-03-15 09:41:21.097 [I] [CAMILINHA CORE                ] SYSTEM-STATE: Loaded
2023-03-15 09:41:21.110 [I] [CAMILINHA CORE                ] SYSTEM-STATE: Unloading
2023-03-15 09:41:21.111 [N] [CAMILINHA OPCUA               ] Stopping
2023-03-15 09:41:21.111 [N] [CAMILINHA DATABASE            ] Stopping
2023-03-15 09:41:21.172 [N] [CAMILINHA DATABASE            ] Down
2023-03-15 09:41:21.400 [N] [CAMILINHA OPCUA               ] Down
2023-03-15 09:41:21.403 [I] [CAMILINHA CORE                ] SYSTEM-STATE: Down
2023-03-15 09:41:21.573 [N] [CAMILINHA CORE                ] Down
2023-03-15 09:41:42.386 [I] [CAMILINHA ========            ] ==================== atvise server (3.4.0 (560-cb1aefc07) 32bit / Windows NT 6.2 (Build 9200) IA32) ====================
2023-03-15 09:41:42.392 [I] [CAMILINHA ========            ] ==================== license id: CAREL ====================
2023-03-15 09:41:42.392 [I] [CAMILINHA CNM                 ] Registered listener CORE (1)
2023-03-15 09:41:42.392 [I] [CAMILINHA CNM                 ] Registered listener TaskManager::Connector (2)
2023-03-15 09:41:42.394 [N] [CAMILINHA CORE                ] Starting
2023-03-15 09:41:42.396 [I] [CAMILINHA CNM                 ] Registered listener OPCUA (3)
2023-03-15 09:41:42.396 [I] [CAMILINHA CNM                 ] Registered listener DATABASE (4)
2023-03-15 09:41:42.397 [N] [CAMILINHA CORE                ] Up
2023-03-15 09:41:42.397 [I] [CAMILINHA CORE                ] SYSTEM-STATE: Loading
2023-03-15 09:41:42.410 [N] [CAMILINHA OPCUA               ] Starting
2023-03-15 09:41:42.415 [N] [CAMILINHA DATABASE            ] Starting
2023-03-15 09:41:42.757 [N] [CAMILINHA DATABASE            ] Up
2023-03-15 09:41:42.757 [N] [CAMILINHA OPCUA               ] Loaded
2023-03-15 09:41:42.772 [N] [CAMILINHA OPCUA               ] Up
2023-03-15 09:41:42.787 [I] [CAMILINHA CORE                ] SYSTEM-STATE: Loaded
2023-03-15 09:41:42.787 [I] [CAMILINHA CORE                ] SYSTEM-STATE: Starting
2023-03-15 09:41:42.787 [I] [CAMILINHA CNM                 ] Registered listener SCRIPT (5)
2023-03-15 09:41:42.787 [W] [CAMILINHA SCRIPT              ] Cannot trigger web, node, alarm, time and event triggered scripts in restricted mode.
2023-03-15 09:41:42.787 [I] [CAMILINHA CNM                 ] Registered listener GENERATOR (6)
2023-03-15 09:41:42.802 [N] [CAMILINHA GENERATOR           ] Starting
2023-03-15 09:41:42.802 [N] [CAMILINHA SCRIPT              ] Starting
2023-03-15 09:41:42.808 [N] [CAMILINHA SCRIPTV8M           ] Loading extension v8x_data.dll
2023-03-15 09:41:42.817 [N] [CAMILINHA SCRIPTV8M           ] Loading extension v8x_network.dll
2023-03-15 09:41:42.821 [N] [CAMILINHA SCRIPTV8M           ] Loading extension v8x_odbc.dll
2023-03-15 09:41:42.827 [N] [CAMILINHA SCRIPTV8M           ] Loading extension v8x_system.dll
2023-03-15 09:41:42.960 [N] [CAMILINHA GENERATOR           ] Up
2023-03-15 09:41:42.974 [N] [CAMILINHA SCRIPT              ] Up
2023-03-15 09:41:42.974 [I] [CAMILINHA CORE                ] SYSTEM-STATE: Up
2023-03-15 09:43:03.666 [E] [CAMILINHA GENERATOR           ] Couldn't distribute server 'ESPLANADA': FTP Exception: Cannot remove 10pavb.png: 550 Could not delete 10pavb.png: No such file or directory
2023-03-15 09:50:55.480 [E] [CAMILINHA GENERATOR           ] Couldn't distribute server 'ESPLANADA': FTP Exception: Cannot remove 10pavb.png: 550 Could not delete 10pavb.png: No such file or directory
2023-03-15 10:09:19.535 [N] [CAMILINHA CORE                ] Stopping modules
2023-03-15 10:09:19.537 [I] [CAMILINHA CORE                ] SYSTEM-STATE: Stopping
2023-03-15 10:09:19.550 [N] [CAMILINHA GENERATOR           ] Stopping
2023-03-15 10:09:19.550 [N] [CAMILINHA SCRIPT              ] Stopping
2023-03-15 10:09:19.565 [N] [CAMILINHA GENERATOR           ] Down
2023-03-15 10:09:19.579 [N] [CAMILINHA SCRIPT              ] Down
2023-03-15 10:09:19.580 [I] [CAMILINHA SCRIPT              ] Unregistering SCRIPT (5)
2023-03-15 10:09:19.584 [I] [CAMILINHA GENERATOR           ] Unregistering GENERATOR (6)
2023-03-15 10:09:19.585 [I] [CAMILINHA CORE                ] SYSTEM-STATE: Loaded
2023-03-15 10:09:19.585 [I] [CAMILINHA CORE                ] SYSTEM-STATE: Unloading
2023-03-15 10:09:19.586 [N] [CAMILINHA OPCUA               ] Stopping
2023-03-15 10:09:19.586 [N] [CAMILINHA DATABASE            ] Stopping
2023-03-15 10:09:19.645 [N] [CAMILINHA DATABASE            ] Down
2023-03-15 10:09:19.916 [N] [CAMILINHA OPCUA               ] Down
2023-03-15 10:09:19.921 [I] [CAMILINHA CORE                ] SYSTEM-STATE: Down
2023-03-15 10:09:20.091 [N] [CAMILINHA CORE                ] Down
2023-03-15 10:11:56.891 [I] [CAMILINHA ========            ] ==================== atvise server (3.4.0 (560-cb1aefc07) 32bit / Windows NT 6.2 (Build 9200) IA32) ====================
2023-03-15 10:11:56.895 [I] [CAMILINHA ========            ] ==================== license id: CAREL ====================
2023-03-15 10:11:56.895 [I] [CAMILINHA CNM                 ] Registered listener CORE (1)
2023-03-15 10:11:56.895 [I] [CAMILINHA CNM                 ] Registered listener TaskManager::Connector (2)
2023-03-15 10:11:56.902 [N] [CAMILINHA CORE                ] Starting
2023-03-15 10:11:56.904 [I] [CAMILINHA CNM                 ] Registered listener OPCUA (3)
2023-03-15 10:11:56.904 [I] [CAMILINHA CNM                 ] Registered listener DATABASE (4)
2023-03-15 10:11:56.906 [N] [CAMILINHA CORE                ] Up
2023-03-15 10:11:56.906 [I] [CAMILINHA CORE                ] SYSTEM-STATE: Loading
2023-03-15 10:11:56.922 [N] [CAMILINHA OPCUA               ] Starting
2023-03-15 10:11:56.928 [N] [CAMILINHA DATABASE            ] Starting
2023-03-15 10:11:57.383 [N] [CAMILINHA DATABASE            ] Up
2023-03-15 10:11:57.383 [N] [CAMILINHA OPCUA               ] Loaded
2023-03-15 10:11:57.400 [N] [CAMILINHA OPCUA               ] Up
2023-03-15 10:11:57.414 [I] [CAMILINHA CORE                ] SYSTEM-STATE: Loaded
2023-03-15 10:11:57.414 [I] [CAMILINHA CORE                ] SYSTEM-STATE: Starting
2023-03-15 10:11:57.414 [I] [CAMILINHA CNM                 ] Registered listener SCRIPT (5)
2023-03-15 10:11:57.414 [W] [CAMILINHA SCRIPT              ] Cannot trigger web, node, alarm, time and event triggered scripts in restricted mode.
2023-03-15 10:11:57.414 [I] [CAMILINHA CNM                 ] Registered listener GENERATOR (6)
2023-03-15 10:11:57.429 [N] [CAMILINHA GENERATOR           ] Starting
2023-03-15 10:11:57.429 [N] [CAMILINHA SCRIPT              ] Starting
2023-03-15 10:11:57.433 [N] [CAMILINHA SCRIPTV8M           ] Loading extension v8x_data.dll
2023-03-15 10:11:57.446 [N] [CAMILINHA SCRIPTV8M           ] Loading extension v8x_network.dll
2023-03-15 10:11:57.448 [N] [CAMILINHA SCRIPTV8M           ] Loading extension v8x_odbc.dll
2023-03-15 10:11:57.450 [N] [CAMILINHA SCRIPTV8M           ] Loading extension v8x_system.dll
2023-03-15 10:11:57.592 [N] [CAMILINHA GENERATOR           ] Up
2023-03-15 10:11:57.598 [N] [CAMILINHA SCRIPT              ] Up
2023-03-15 10:11:57.598 [I] [CAMILINHA CORE                ] SYSTEM-STATE: Up
2023-03-15 10:20:16.027 [E] [CAMILINHA GENERATOR           ] Couldn't distribute server 'ESPLANADA': FTP Exception: Cannot remove 10pavb.png: 550 Could not delete 10pavb.png: No such file or directory
2023-03-15 10:27:33.980 [N] [CAMILINHA CORE                ] Stopping modules
2023-03-15 10:27:33.980 [I] [CAMILINHA CORE                ] SYSTEM-STATE: Stopping
2023-03-15 10:27:33.995 [N] [CAMILINHA SCRIPT              ] Stopping
2023-03-15 10:27:33.995 [N] [CAMILINHA GENERATOR           ] Stopping
2023-03-15 10:27:34.010 [N] [CAMILINHA GENERATOR           ] Down
2023-03-15 10:27:34.023 [N] [CAMILINHA SCRIPT              ] Down
2023-03-15 10:27:34.024 [I] [CAMILINHA SCRIPT              ] Unregistering SCRIPT (5)
2023-03-15 10:27:34.028 [I] [CAMILINHA GENERATOR           ] Unregistering GENERATOR (6)
2023-03-15 10:27:34.029 [I] [CAMILINHA CORE                ] SYSTEM-STATE: Loaded
2023-03-15 10:27:34.029 [I] [CAMILINHA CORE                ] SYSTEM-STATE: Unloading
2023-03-15 10:27:34.029 [N] [CAMILINHA OPCUA               ] Stopping
2023-03-15 10:27:34.030 [N] [CAMILINHA DATABASE            ] Stopping
2023-03-15 10:27:34.089 [N] [CAMILINHA DATABASE            ] Down
2023-03-15 10:27:34.357 [N] [CAMILINHA OPCUA               ] Down
2023-03-15 10:27:34.364 [I] [CAMILINHA CORE                ] SYSTEM-STATE: Down
2023-03-15 10:27:34.534 [N] [CAMILINHA CORE                ] Down
2023-03-15 10:29:17.397 [I] [CAMILINHA ========            ] ==================== atvise server (3.4.0 (560-cb1aefc07) 32bit / Windows NT 6.2 (Build 9200) IA32) ====================
2023-03-15 10:29:17.400 [I] [CAMILINHA ========            ] ==================== license id: CAREL ====================
2023-03-15 10:29:17.400 [I] [CAMILINHA CNM                 ] Registered listener CORE (1)
2023-03-15 10:29:17.400 [I] [CAMILINHA CNM                 ] Registered listener TaskManager::Connector (2)
2023-03-15 10:29:17.401 [N] [CAMILINHA CORE                ] Starting
2023-03-15 10:29:17.404 [I] [CAMILINHA CNM                 ] Registered listener OPCUA (3)
2023-03-15 10:29:17.404 [I] [CAMILINHA CNM                 ] Registered listener DATABASE (4)
2023-03-15 10:29:17.405 [N] [CAMILINHA CORE                ] Up
2023-03-15 10:29:17.406 [I] [CAMILINHA CORE                ] SYSTEM-STATE: Loading
2023-03-15 10:29:17.422 [N] [CAMILINHA OPCUA               ] Starting
2023-03-15 10:29:17.427 [N] [CAMILINHA DATABASE            ] Starting
2023-03-15 10:29:17.863 [N] [CAMILINHA DATABASE            ] Up
2023-03-15 10:29:17.863 [N] [CAMILINHA OPCUA               ] Loaded
2023-03-15 10:29:17.880 [N] [CAMILINHA OPCUA               ] Up
2023-03-15 10:29:17.894 [I] [CAMILINHA CORE                ] SYSTEM-STATE: Loaded
2023-03-15 10:29:17.894 [I] [CAMILINHA CORE                ] SYSTEM-STATE: Starting
2023-03-15 10:29:17.894 [I] [CAMILINHA CNM                 ] Registered listener SCRIPT (5)
2023-03-15 10:29:17.894 [W] [CAMILINHA SCRIPT              ] Cannot trigger web, node, alarm, time and event triggered scripts in restricted mode.
2023-03-15 10:29:17.894 [I] [CAMILINHA CNM                 ] Registered listener GENERATOR (6)
2023-03-15 10:29:17.909 [N] [CAMILINHA SCRIPT              ] Starting
2023-03-15 10:29:17.909 [N] [CAMILINHA GENERATOR           ] Starting
2023-03-15 10:29:17.914 [N] [CAMILINHA SCRIPTV8M           ] Loading extension v8x_data.dll
2023-03-15 10:29:17.926 [N] [CAMILINHA SCRIPTV8M           ] Loading extension v8x_network.dll
2023-03-15 10:29:17.928 [N] [CAMILINHA SCRIPTV8M           ] Loading extension v8x_odbc.dll
2023-03-15 10:29:17.930 [N] [CAMILINHA SCRIPTV8M           ] Loading extension v8x_system.dll
2023-03-15 10:29:18.070 [N] [CAMILINHA GENERATOR           ] Up
2023-03-15 10:29:18.084 [N] [CAMILINHA SCRIPT              ] Up
2023-03-15 10:29:18.084 [I] [CAMILINHA CORE                ] SYSTEM-STATE: Up
2023-03-15 10:30:03.677 [E] [CAMILINHA GENERATOR           ] Couldn't distribute server 'ESPLANADA': FTP Exception: Cannot remove 10pavb.png: 550 Could not delete 10pavb.png: No such file or directory
2023-03-15 10:31:33.930 [E] [CAMILINHA GENERATOR           ] Couldn't distribute server 'ESPLANADA': FTP Exception: Cannot remove 10pavb.png: 550 Could not delete 10pavb.png: No such file or directory
2023-03-15 10:32:54.437 [E] [CAMILINHA GENERATOR           ] Couldn't distribute server 'ESPLANADA': FTP Exception: Cannot remove 10pavb.png: 550 Could not delete 10pavb.png: No such file or directory
2023-03-15 10:33:10.714 [N] [CAMILINHA CORE                ] Stopping modules
2023-03-15 10:33:10.715 [I] [CAMILINHA CORE                ] SYSTEM-STATE: Stopping
2023-03-15 10:33:10.730 [N] [CAMILINHA GENERATOR           ] Stopping
2023-03-15 10:33:10.730 [N] [CAMILINHA SCRIPT              ] Stopping
2023-03-15 10:33:10.745 [N] [CAMILINHA GENERATOR           ] Down
2023-03-15 10:33:10.748 [N] [CAMILINHA SCRIPT              ] Down
2023-03-15 10:33:10.749 [I] [CAMILINHA SCRIPT              ] Unregistering SCRIPT (5)
2023-03-15 10:33:10.750 [I] [CAMILINHA GENERATOR           ] Unregistering GENERATOR (6)
2023-03-15 10:33:10.750 [I] [CAMILINHA CORE                ] SYSTEM-STATE: Loaded
2023-03-15 10:33:10.760 [I] [CAMILINHA CORE                ] SYSTEM-STATE: Unloading
2023-03-15 10:33:10.760 [N] [CAMILINHA OPCUA               ] Stopping
2023-03-15 10:33:10.762 [N] [CAMILINHA DATABASE            ] Stopping
2023-03-15 10:33:10.825 [N] [CAMILINHA DATABASE            ] Down
2023-03-15 10:33:11.107 [N] [CAMILINHA OPCUA               ] Down
2023-03-15 10:33:11.114 [I] [CAMILINHA CORE                ] SYSTEM-STATE: Down
2023-03-15 10:33:11.285 [N] [CAMILINHA CORE                ] Down
2023-03-15 10:34:27.034 [I] [CAMILINHA ========            ] ==================== atvise server (3.4.0 (560-cb1aefc07) 32bit / Windows NT 6.2 (Build 9200) IA32) ====================
2023-03-15 10:34:27.039 [I] [CAMILINHA ========            ] ==================== license id: CAREL ====================
2023-03-15 10:34:27.039 [I] [CAMILINHA CNM                 ] Registered listener CORE (1)
2023-03-15 10:34:27.039 [I] [CAMILINHA CNM                 ] Registered listener TaskManager::Connector (2)
2023-03-15 10:34:27.041 [N] [CAMILINHA CORE                ] Starting
2023-03-15 10:34:27.042 [I] [CAMILINHA CNM                 ] Registered listener OPCUA (3)
2023-03-15 10:34:27.042 [I] [CAMILINHA CNM                 ] Registered listener DATABASE (4)
2023-03-15 10:34:27.043 [N] [CAMILINHA CORE                ] Up
2023-03-15 10:34:27.044 [I] [CAMILINHA CORE                ] SYSTEM-STATE: Loading
2023-03-15 10:34:27.058 [N] [CAMILINHA OPCUA               ] Starting
2023-03-15 10:34:27.063 [N] [CAMILINHA DATABASE            ] Starting
2023-03-15 10:34:27.282 [N] [CAMILINHA DATABASE            ] Up
2023-03-15 10:34:27.282 [N] [CAMILINHA OPCUA               ] Loaded
2023-03-15 10:34:27.300 [N] [CAMILINHA OPCUA               ] Up
2023-03-15 10:34:27.313 [I] [CAMILINHA CORE                ] SYSTEM-STATE: Loaded
2023-03-15 10:34:27.313 [I] [CAMILINHA CORE                ] SYSTEM-STATE: Starting
2023-03-15 10:34:27.314 [I] [CAMILINHA CNM                 ] Registered listener SCRIPT (5)
2023-03-15 10:34:27.314 [W] [CAMILINHA SCRIPT              ] Cannot trigger web, node, alarm, time and event triggered scripts in restricted mode.
2023-03-15 10:34:27.314 [I] [CAMILINHA CNM                 ] Registered listener GENERATOR (6)
2023-03-15 10:34:27.329 [N] [CAMILINHA GENERATOR           ] Starting
2023-03-15 10:34:27.329 [N] [CAMILINHA SCRIPT              ] Starting
2023-03-15 10:34:27.335 [N] [CAMILINHA SCRIPTV8M           ] Loading extension v8x_data.dll
2023-03-15 10:34:27.357 [N] [CAMILINHA SCRIPTV8M           ] Loading extension v8x_network.dll
2023-03-15 10:34:27.361 [N] [CAMILINHA SCRIPTV8M           ] Loading extension v8x_odbc.dll
2023-03-15 10:34:27.363 [N] [CAMILINHA SCRIPTV8M           ] Loading extension v8x_system.dll
2023-03-15 10:34:27.504 [N] [CAMILINHA GENERATOR           ] Up
2023-03-15 10:34:27.509 [N] [CAMILINHA SCRIPT              ] Up
2023-03-15 10:34:27.509 [I] [CAMILINHA CORE                ] SYSTEM-STATE: Up
2023-03-15 10:34:37.509 [E] [CAMILINHA GENERATOR           ] Couldn't distribute server 'ESPLANADA': FTP Exception: Cannot remove 10pavb.png: 550 Could not delete 10pavb.png: No such file or directory
2023-03-15 11:09:28.591 [N] [CAMILINHA CORE                ] Stopping modules
2023-03-15 11:09:28.592 [I] [CAMILINHA CORE                ] SYSTEM-STATE: Stopping
2023-03-15 11:09:28.606 [N] [CAMILINHA SCRIPT              ] Stopping
2023-03-15 11:09:28.606 [N] [CAMILINHA GENERATOR           ] Stopping
2023-03-15 11:09:28.622 [N] [CAMILINHA GENERATOR           ] Down
2023-03-15 11:09:28.631 [N] [CAMILINHA SCRIPT              ] Down
2023-03-15 11:09:28.631 [I] [CAMILINHA SCRIPT              ] Unregistering SCRIPT (5)
2023-03-15 11:09:28.634 [I] [CAMILINHA GENERATOR           ] Unregistering GENERATOR (6)
2023-03-15 11:09:28.635 [I] [CAMILINHA CORE                ] SYSTEM-STATE: Loaded
2023-03-15 11:09:28.636 [I] [CAMILINHA CORE                ] SYSTEM-STATE: Unloading
2023-03-15 11:09:28.636 [N] [CAMILINHA OPCUA               ] Stopping
2023-03-15 11:09:28.636 [N] [CAMILINHA DATABASE            ] Stopping
2023-03-15 11:09:28.702 [N] [CAMILINHA DATABASE            ] Down
2023-03-15 11:09:29.020 [N] [CAMILINHA OPCUA               ] Down
2023-03-15 11:09:29.023 [I] [CAMILINHA CORE                ] SYSTEM-STATE: Down
2023-03-15 11:09:29.192 [N] [CAMILINHA CORE                ] Down
2023-03-15 11:13:39.510 [I] [CAMILINHA ========            ] ==================== atvise server (3.4.0 (560-cb1aefc07) 32bit / Windows NT 6.2 (Build 9200) IA32) ====================
2023-03-15 11:13:39.514 [I] [CAMILINHA ========            ] ==================== license id: CAREL ====================
2023-03-15 11:13:39.515 [I] [CAMILINHA CNM                 ] Registered listener CORE (1)
2023-03-15 11:13:39.515 [I] [CAMILINHA CNM                 ] Registered listener TaskManager::Connector (2)
2023-03-15 11:13:39.517 [N] [CAMILINHA CORE                ] Starting
2023-03-15 11:13:39.520 [I] [CAMILINHA CNM                 ] Registered listener OPCUA (3)
2023-03-15 11:13:39.520 [I] [CAMILINHA CNM                 ] Registered listener DATABASE (4)
2023-03-15 11:13:39.521 [N] [CAMILINHA CORE                ] Up
2023-03-15 11:13:39.521 [I] [CAMILINHA CORE                ] SYSTEM-STATE: Loading
2023-03-15 11:13:39.536 [N] [CAMILINHA OPCUA               ] Starting
2023-03-15 11:13:39.542 [N] [CAMILINHA DATABASE            ] Starting
2023-03-15 11:13:39.749 [N] [CAMILINHA DATABASE            ] Up
2023-03-15 11:13:39.749 [N] [CAMILINHA OPCUA               ] Loaded
2023-03-15 11:13:39.766 [N] [CAMILINHA OPCUA               ] Up
2023-03-15 11:13:39.781 [I] [CAMILINHA CORE                ] SYSTEM-STATE: Loaded
2023-03-15 11:13:39.781 [I] [CAMILINHA CORE                ] SYSTEM-STATE: Starting
2023-03-15 11:13:39.781 [I] [CAMILINHA CNM                 ] Registered listener SCRIPT (5)
2023-03-15 11:13:39.781 [W] [CAMILINHA SCRIPT              ] Cannot trigger web, node, alarm, time and event triggered scripts in restricted mode.
2023-03-15 11:13:39.781 [I] [CAMILINHA CNM                 ] Registered listener GENERATOR (6)
2023-03-15 11:13:39.796 [N] [CAMILINHA GENERATOR           ] Starting
2023-03-15 11:13:39.796 [N] [CAMILINHA SCRIPT              ] Starting
2023-03-15 11:13:39.802 [N] [CAMILINHA SCRIPTV8M           ] Loading extension v8x_data.dll
2023-03-15 11:13:39.821 [N] [CAMILINHA SCRIPTV8M           ] Loading extension v8x_network.dll
2023-03-15 11:13:39.824 [N] [CAMILINHA SCRIPTV8M           ] Loading extension v8x_odbc.dll
2023-03-15 11:13:39.826 [N] [CAMILINHA SCRIPTV8M           ] Loading extension v8x_system.dll
2023-03-15 11:13:39.971 [N] [CAMILINHA GENERATOR           ] Up
2023-03-15 11:13:39.984 [N] [CAMILINHA SCRIPT              ] Up
2023-03-15 11:13:39.984 [I] [CAMILINHA CORE                ] SYSTEM-STATE: Up
2023-03-15 11:16:24.433 [E] [CAMILINHA GENERATOR           ] Couldn't distribute server 'ESPLANADA': FTP Exception: Cannot remove 10pavb.png: 550 Could not delete 10pavb.png: No such file or directory
2023-03-15 11:33:14.153 [E] [CAMILINHA GENERATOR           ] Couldn't distribute server 'ESPLANADA': FTP Exception: Cannot remove 10pavb.png: 550 Could not delete 10pavb.png: No such file or directory
2023-03-15 11:41:59.997 [E] [CAMILINHA GENERATOR           ] Couldn't distribute server 'ESPLANADA': FTP Exception: Cannot remove 10pavb.png: 550 Could not delete 10pavb.png: No such file or directory
2023-03-15 11:44:21.206 [N] [CAMILINHA CORE                ] Stopping modules
2023-03-15 11:44:21.207 [I] [CAMILINHA CORE                ] SYSTEM-STATE: Stopping
2023-03-15 11:44:21.222 [N] [CAMILINHA GENERATOR           ] Stopping
2023-03-15 11:44:21.222 [N] [CAMILINHA SCRIPT              ] Stopping
2023-03-15 11:44:21.237 [N] [CAMILINHA GENERATOR           ] Down
2023-03-15 11:44:21.250 [N] [CAMILINHA SCRIPT              ] Down
2023-03-15 11:44:21.250 [I] [CAMILINHA SCRIPT              ] Unregistering SCRIPT (5)
2023-03-15 11:44:21.253 [I] [CAMILINHA GENERATOR           ] Unregistering GENERATOR (6)
2023-03-15 11:44:21.255 [I] [CAMILINHA CORE                ] SYSTEM-STATE: Loaded
2023-03-15 11:44:21.255 [I] [CAMILINHA CORE                ] SYSTEM-STATE: Unloading
2023-03-15 11:44:21.255 [N] [CAMILINHA OPCUA               ] Stopping
2023-03-15 11:44:21.256 [N] [CAMILINHA DATABASE            ] Stopping
2023-03-15 11:44:21.318 [N] [CAMILINHA DATABASE            ] Down
2023-03-15 11:44:21.564 [N] [CAMILINHA OPCUA               ] Down
2023-03-15 11:44:21.576 [I] [CAMILINHA CORE                ] SYSTEM-STATE: Down
2023-03-15 11:44:21.746 [N] [CAMILINHA CORE                ] Down
2023-03-15 11:45:23.653 [I] [CAMILINHA ========            ] ==================== atvise server (3.4.0 (560-cb1aefc07) 32bit / Windows NT 6.2 (Build 9200) IA32) ====================
2023-03-15 11:45:23.656 [I] [CAMILINHA ========            ] ==================== license id: CAREL ====================
2023-03-15 11:45:23.656 [I] [CAMILINHA CNM                 ] Registered listener CORE (1)
2023-03-15 11:45:23.657 [I] [CAMILINHA CNM                 ] Registered listener TaskManager::Connector (2)
2023-03-15 11:45:23.659 [N] [CAMILINHA CORE                ] Starting
2023-03-15 11:45:23.661 [I] [CAMILINHA CNM                 ] Registered listener OPCUA (3)
2023-03-15 11:45:23.661 [I] [CAMILINHA CNM                 ] Registered listener DATABASE (4)
2023-03-15 11:45:23.662 [N] [CAMILINHA CORE                ] Up
2023-03-15 11:45:23.662 [I] [CAMILINHA CORE                ] SYSTEM-STATE: Loading
2023-03-15 11:45:23.678 [N] [CAMILINHA OPCUA               ] Starting
2023-03-15 11:45:23.683 [N] [CAMILINHA DATABASE            ] Starting
2023-03-15 11:45:24.122 [N] [CAMILINHA DATABASE            ] Up
2023-03-15 11:45:24.122 [N] [CAMILINHA OPCUA               ] Loaded
2023-03-15 11:45:24.138 [N] [CAMILINHA OPCUA               ] Up
2023-03-15 11:45:24.153 [I] [CAMILINHA CORE                ] SYSTEM-STATE: Loaded
2023-03-15 11:45:24.153 [I] [CAMILINHA CORE                ] SYSTEM-STATE: Starting
2023-03-15 11:45:24.153 [I] [CAMILINHA CNM                 ] Registered listener SCRIPT (5)
2023-03-15 11:45:24.153 [W] [CAMILINHA SCRIPT              ] Cannot trigger web, node, alarm, time and event triggered scripts in restricted mode.
2023-03-15 11:45:24.154 [I] [CAMILINHA CNM                 ] Registered listener GENERATOR (6)
2023-03-15 11:45:24.169 [N] [CAMILINHA SCRIPT              ] Starting
2023-03-15 11:45:24.169 [N] [CAMILINHA GENERATOR           ] Starting
2023-03-15 11:45:24.174 [N] [CAMILINHA SCRIPTV8M           ] Loading extension v8x_data.dll
2023-03-15 11:45:24.191 [N] [CAMILINHA SCRIPTV8M           ] Loading extension v8x_network.dll
2023-03-15 11:45:24.193 [N] [CAMILINHA SCRIPTV8M           ] Loading extension v8x_odbc.dll
2023-03-15 11:45:24.195 [N] [CAMILINHA SCRIPTV8M           ] Loading extension v8x_system.dll
2023-03-15 11:45:24.326 [N] [CAMILINHA GENERATOR           ] Up
2023-03-15 11:45:24.340 [N] [CAMILINHA SCRIPT              ] Up
2023-03-15 11:45:24.340 [I] [CAMILINHA CORE                ] SYSTEM-STATE: Up
2023-03-15 11:47:17.577 [N] [CAMILINHA CORE                ] Stopping modules
2023-03-15 11:47:17.577 [I] [CAMILINHA CORE                ] SYSTEM-STATE: Stopping
2023-03-15 11:47:17.592 [N] [CAMILINHA SCRIPT              ] Stopping
2023-03-15 11:47:17.592 [N] [CAMILINHA GENERATOR           ] Stopping
2023-03-15 11:47:17.608 [N] [CAMILINHA GENERATOR           ] Down
2023-03-15 11:47:17.609 [N] [CAMILINHA SCRIPT              ] Down
2023-03-15 11:47:17.610 [I] [CAMILINHA SCRIPT              ] Unregistering SCRIPT (5)
2023-03-15 11:47:17.610 [I] [CAMILINHA GENERATOR           ] Unregistering GENERATOR (6)
2023-03-15 11:47:17.611 [I] [CAMILINHA CORE                ] SYSTEM-STATE: Loaded
2023-03-15 11:47:17.623 [I] [CAMILINHA CORE                ] SYSTEM-STATE: Unloading
2023-03-15 11:47:17.623 [N] [CAMILINHA OPCUA               ] Stopping
2023-03-15 11:47:17.624 [N] [CAMILINHA DATABASE            ] Stopping
2023-03-15 11:47:17.688 [N] [CAMILINHA DATABASE            ] Down
2023-03-15 11:47:17.897 [N] [CAMILINHA OPCUA               ] Down
2023-03-15 11:47:17.900 [I] [CAMILINHA CORE                ] SYSTEM-STATE: Down
2023-03-15 11:47:18.070 [N] [CAMILINHA CORE                ] Down
2023-03-15 11:49:58.322 [I] [CAMILINHA ========            ] ==================== atvise server (3.4.0 (560-cb1aefc07) 32bit / Windows NT 6.2 (Build 9200) IA32) ====================
2023-03-15 11:49:58.325 [I] [CAMILINHA ========            ] ==================== license id: CAREL ====================
2023-03-15 11:49:58.325 [I] [CAMILINHA CNM                 ] Registered listener CORE (1)
2023-03-15 11:49:58.325 [I] [CAMILINHA CNM                 ] Registered listener TaskManager::Connector (2)
2023-03-15 11:49:58.327 [N] [CAMILINHA CORE                ] Starting
2023-03-15 11:49:58.329 [I] [CAMILINHA CNM                 ] Registered listener OPCUA (3)
2023-03-15 11:49:58.329 [I] [CAMILINHA CNM                 ] Registered listener DATABASE (4)
2023-03-15 11:49:58.329 [N] [CAMILINHA CORE                ] Up
2023-03-15 11:49:58.331 [I] [CAMILINHA CORE                ] SYSTEM-STATE: Loading
2023-03-15 11:49:58.344 [N] [CAMILINHA OPCUA               ] Starting
2023-03-15 11:49:58.349 [N] [CAMILINHA DATABASE            ] Starting
2023-03-15 11:49:58.548 [N] [CAMILINHA DATABASE            ] Up
2023-03-15 11:49:58.548 [N] [CAMILINHA OPCUA               ] Loaded
2023-03-15 11:49:58.564 [N] [CAMILINHA OPCUA               ] Up
2023-03-15 11:49:58.579 [I] [CAMILINHA CORE                ] SYSTEM-STATE: Loaded
2023-03-15 11:49:58.579 [I] [CAMILINHA CORE                ] SYSTEM-STATE: Starting
2023-03-15 11:49:58.579 [I] [CAMILINHA CNM                 ] Registered listener SCRIPT (5)
2023-03-15 11:49:58.579 [W] [CAMILINHA SCRIPT              ] Cannot trigger web, node, alarm, time and event triggered scripts in restricted mode.
2023-03-15 11:49:58.579 [I] [CAMILINHA CNM                 ] Registered listener GENERATOR (6)
2023-03-15 11:49:58.594 [N] [CAMILINHA GENERATOR           ] Starting
2023-03-15 11:49:58.594 [N] [CAMILINHA SCRIPT              ] Starting
2023-03-15 11:49:58.597 [N] [CAMILINHA SCRIPTV8M           ] Loading extension v8x_data.dll
2023-03-15 11:49:58.606 [N] [CAMILINHA SCRIPTV8M           ] Loading extension v8x_network.dll
2023-03-15 11:49:58.608 [N] [CAMILINHA SCRIPTV8M           ] Loading extension v8x_odbc.dll
2023-03-15 11:49:58.609 [N] [CAMILINHA SCRIPTV8M           ] Loading extension v8x_system.dll
2023-03-15 11:49:58.758 [N] [CAMILINHA GENERATOR           ] Up
2023-03-15 11:49:58.762 [N] [CAMILINHA SCRIPT              ] Up
2023-03-15 11:49:58.762 [I] [CAMILINHA CORE                ] SYSTEM-STATE: Up
2023-03-15 11:53:35.570 [E] [CAMILINHA GENERATOR           ] Couldn't distribute server 'ESPLANADA': FTP Exception: Cannot remove 10pavb.png: 550 Could not delete 10pavb.png: No such file or directory
2023-03-15 11:54:40.556 [E] [CAMILINHA GENERATOR           ] Couldn't distribute server 'ESPLANADA': FTP Exception: Cannot remove 10pavb.png: 550 Could not delete 10pavb.png: No such file or directory
2023-03-15 11:54:50.286 [E] [CAMILINHA GENERATOR           ] Couldn't distribute server 'ESPLANADA': FTP Exception: Cannot remove 10pavb.png: 550 Could not delete 10pavb.png: No such file or directory
2023-03-15 11:55:50.977 [E] [CAMILINHA GENERATOR           ] Couldn't distribute server 'ESPLANADA': FTP Exception: Cannot remove 10pavb.png: 550 Could not delete 10pavb.png: No such file or directory
2023-03-15 11:58:17.073 [N] [CAMILINHA CORE                ] Stopping modules
2023-03-15 11:58:17.073 [I] [CAMILINHA CORE                ] SYSTEM-STATE: Stopping
2023-03-15 11:58:17.090 [N] [CAMILINHA GENERATOR           ] Stopping
2023-03-15 11:58:17.090 [N] [CAMILINHA SCRIPT              ] Stopping
2023-03-15 11:58:17.104 [N] [CAMILINHA GENERATOR           ] Down
2023-03-15 11:58:17.107 [N] [CAMILINHA SCRIPT              ] Down
2023-03-15 11:58:17.108 [I] [CAMILINHA SCRIPT              ] Unregistering SCRIPT (5)
2023-03-15 11:58:17.109 [I] [CAMILINHA GENERATOR           ] Unregistering GENERATOR (6)
2023-03-15 11:58:17.110 [I] [CAMILINHA CORE                ] SYSTEM-STATE: Loaded
2023-03-15 11:58:17.119 [I] [CAMILINHA CORE                ] SYSTEM-STATE: Unloading
2023-03-15 11:58:17.119 [N] [CAMILINHA OPCUA               ] Stopping
2023-03-15 11:58:17.120 [N] [CAMILINHA DATABASE            ] Stopping
2023-03-15 11:58:17.184 [N] [CAMILINHA DATABASE            ] Down
2023-03-15 11:58:17.502 [N] [CAMILINHA OPCUA               ] Down
2023-03-15 11:58:17.507 [I] [CAMILINHA CORE                ] SYSTEM-STATE: Down
2023-03-15 11:58:17.679 [N] [CAMILINHA CORE                ] Down
2023-03-15 13:26:39.715 [I] [CAMILINHA ========            ] ==================== atvise server (3.4.0 (560-cb1aefc07) 32bit / Windows NT 6.2 (Build 9200) IA32) ====================
2023-03-15 13:26:39.720 [I] [CAMILINHA ========            ] ==================== license id: CAREL ====================
2023-03-15 13:26:39.721 [I] [CAMILINHA CNM                 ] Registered listener CORE (1)
2023-03-15 13:26:39.721 [I] [CAMILINHA CNM                 ] Registered listener TaskManager::Connector (2)
2023-03-15 13:26:39.723 [N] [CAMILINHA CORE                ] Starting
2023-03-15 13:26:39.725 [I] [CAMILINHA CNM                 ] Registered listener OPCUA (3)
2023-03-15 13:26:39.725 [I] [CAMILINHA CNM                 ] Registered listener DATABASE (4)
2023-03-15 13:26:39.727 [N] [CAMILINHA CORE                ] Up
2023-03-15 13:26:39.727 [I] [CAMILINHA CORE                ] SYSTEM-STATE: Loading
2023-03-15 13:26:39.742 [N] [CAMILINHA OPCUA               ] Starting
2023-03-15 13:26:39.746 [N] [CAMILINHA DATABASE            ] Starting
2023-03-15 13:26:40.230 [N] [CAMILINHA DATABASE            ] Up
2023-03-15 13:26:40.230 [N] [CAMILINHA OPCUA               ] Loaded
2023-03-15 13:26:40.247 [N] [CAMILINHA OPCUA               ] Up
2023-03-15 13:26:40.262 [I] [CAMILINHA CORE                ] SYSTEM-STATE: Loaded
2023-03-15 13:26:40.262 [I] [CAMILINHA CORE                ] SYSTEM-STATE: Starting
2023-03-15 13:26:40.262 [I] [CAMILINHA CNM                 ] Registered listener SCRIPT (5)
2023-03-15 13:26:40.262 [W] [CAMILINHA SCRIPT              ] Cannot trigger web, node, alarm, time and event triggered scripts in restricted mode.
2023-03-15 13:26:40.262 [I] [CAMILINHA CNM                 ] Registered listener GENERATOR (6)
2023-03-15 13:26:40.276 [N] [CAMILINHA GENERATOR           ] Starting
2023-03-15 13:26:40.276 [N] [CAMILINHA SCRIPT              ] Starting
2023-03-15 13:26:40.279 [N] [CAMILINHA SCRIPTV8M           ] Loading extension v8x_data.dll
2023-03-15 13:26:40.287 [N] [CAMILINHA SCRIPTV8M           ] Loading extension v8x_network.dll
2023-03-15 13:26:40.289 [N] [CAMILINHA SCRIPTV8M           ] Loading extension v8x_odbc.dll
2023-03-15 13:26:40.290 [N] [CAMILINHA SCRIPTV8M           ] Loading extension v8x_system.dll
2023-03-15 13:26:40.437 [N] [CAMILINHA GENERATOR           ] Up
2023-03-15 13:26:40.451 [N] [CAMILINHA SCRIPT              ] Up
2023-03-15 13:26:40.451 [I] [CAMILINHA CORE                ] SYSTEM-STATE: Up
2023-03-15 13:48:49.720 [N] [CAMILINHA CORE                ] Stopping modules
2023-03-15 13:48:49.722 [I] [CAMILINHA CORE                ] SYSTEM-STATE: Stopping
2023-03-15 13:48:49.735 [N] [CAMILINHA GENERATOR           ] Stopping
2023-03-15 13:48:49.735 [N] [CAMILINHA SCRIPT              ] Stopping
2023-03-15 13:48:49.751 [N] [CAMILINHA GENERATOR           ] Down
2023-03-15 13:48:49.772 [N] [CAMILINHA SCRIPT              ] Down
2023-03-15 13:48:49.773 [I] [CAMILINHA SCRIPT              ] Unregistering SCRIPT (5)
2023-03-15 13:48:49.783 [I] [CAMILINHA GENERATOR           ] Unregistering GENERATOR (6)
2023-03-15 13:48:49.788 [I] [CAMILINHA CORE                ] SYSTEM-STATE: Loaded
2023-03-15 13:48:49.788 [I] [CAMILINHA CORE                ] SYSTEM-STATE: Unloading
2023-03-15 13:48:49.789 [N] [CAMILINHA OPCUA               ] Stopping
2023-03-15 13:48:49.790 [N] [CAMILINHA DATABASE            ] Stopping
2023-03-15 13:48:49.856 [N] [CAMILINHA DATABASE            ] Down
2023-03-15 13:48:50.122 [N] [CAMILINHA OPCUA               ] Down
2023-03-15 13:48:50.134 [I] [CAMILINHA CORE                ] SYSTEM-STATE: Down
2023-03-15 13:48:50.303 [N] [CAMILINHA CORE                ] Down
2023-03-15 13:49:57.720 [I] [CAMILINHA ========            ] ==================== atvise server (3.4.0 (560-cb1aefc07) 32bit / Windows NT 6.2 (Build 9200) IA32) ====================
2023-03-15 13:49:57.724 [I] [CAMILINHA ========            ] ==================== license id: CAREL ====================
2023-03-15 13:49:57.724 [I] [CAMILINHA CNM                 ] Registered listener CORE (1)
2023-03-15 13:49:57.724 [I] [CAMILINHA CNM                 ] Registered listener TaskManager::Connector (2)
2023-03-15 13:49:57.726 [N] [CAMILINHA CORE                ] Starting
2023-03-15 13:49:57.728 [I] [CAMILINHA CNM                 ] Registered listener OPCUA (3)
2023-03-15 13:49:57.728 [I] [CAMILINHA CNM                 ] Registered listener DATABASE (4)
2023-03-15 13:49:57.729 [N] [CAMILINHA CORE                ] Up
2023-03-15 13:49:57.729 [I] [CAMILINHA CORE                ] SYSTEM-STATE: Loading
2023-03-15 13:49:57.742 [N] [CAMILINHA OPCUA               ] Starting
2023-03-15 13:49:57.748 [N] [CAMILINHA DATABASE            ] Starting
2023-03-15 13:49:57.943 [N] [CAMILINHA DATABASE            ] Up
2023-03-15 13:49:57.943 [N] [CAMILINHA OPCUA               ] Loaded
2023-03-15 13:49:57.960 [N] [CAMILINHA OPCUA               ] Up
2023-03-15 13:49:57.974 [I] [CAMILINHA CORE                ] SYSTEM-STATE: Loaded
2023-03-15 13:49:57.974 [I] [CAMILINHA CORE                ] SYSTEM-STATE: Starting
2023-03-15 13:49:57.975 [I] [CAMILINHA CNM                 ] Registered listener SCRIPT (5)
2023-03-15 13:49:57.975 [W] [CAMILINHA SCRIPT              ] Cannot trigger web, node, alarm, time and event triggered scripts in restricted mode.
2023-03-15 13:49:57.975 [I] [CAMILINHA CNM                 ] Registered listener GENERATOR (6)
2023-03-15 13:49:57.989 [N] [CAMILINHA GENERATOR           ] Starting
2023-03-15 13:49:57.989 [N] [CAMILINHA SCRIPT              ] Starting
2023-03-15 13:49:57.994 [N] [CAMILINHA SCRIPTV8M           ] Loading extension v8x_data.dll
2023-03-15 13:49:58.007 [N] [CAMILINHA SCRIPTV8M           ] Loading extension v8x_network.dll
2023-03-15 13:49:58.010 [N] [CAMILINHA SCRIPTV8M           ] Loading extension v8x_odbc.dll
2023-03-15 13:49:58.011 [N] [CAMILINHA SCRIPTV8M           ] Loading extension v8x_system.dll
2023-03-15 13:49:58.150 [N] [CAMILINHA GENERATOR           ] Up
2023-03-15 13:49:58.155 [N] [CAMILINHA SCRIPT              ] Up
2023-03-15 13:49:58.155 [I] [CAMILINHA CORE                ] SYSTEM-STATE: Up
2023-03-15 14:02:53.763 [N] [CAMILINHA CORE                ] Stopping modules
2023-03-15 14:02:53.764 [I] [CAMILINHA CORE                ] SYSTEM-STATE: Stopping
2023-03-15 14:02:53.778 [N] [CAMILINHA GENERATOR           ] Stopping
2023-03-15 14:02:53.778 [N] [CAMILINHA SCRIPT              ] Stopping
2023-03-15 14:02:53.794 [N] [CAMILINHA GENERATOR           ] Down
2023-03-15 14:02:53.797 [N] [CAMILINHA SCRIPT              ] Down
2023-03-15 14:02:53.797 [I] [CAMILINHA SCRIPT              ] Unregistering SCRIPT (5)
2023-03-15 14:02:53.800 [I] [CAMILINHA GENERATOR           ] Unregistering GENERATOR (6)
2023-03-15 14:02:53.800 [I] [CAMILINHA CORE                ] SYSTEM-STATE: Loaded
2023-03-15 14:02:53.809 [I] [CAMILINHA CORE                ] SYSTEM-STATE: Unloading
2023-03-15 14:02:53.810 [N] [CAMILINHA OPCUA               ] Stopping
2023-03-15 14:02:53.810 [N] [CAMILINHA DATABASE            ] Stopping
2023-03-15 14:02:53.873 [N] [CAMILINHA DATABASE            ] Down
2023-03-15 14:02:54.117 [N] [CAMILINHA OPCUA               ] Down
2023-03-15 14:02:54.119 [I] [CAMILINHA CORE                ] SYSTEM-STATE: Down
2023-03-15 14:02:54.289 [N] [CAMILINHA CORE                ] Down
2023-03-16 08:13:45.673 [I] [CAMILINHA ========            ] ==================== atvise server (3.4.0 (560-cb1aefc07) 32bit / Windows NT 6.2 (Build 9200) IA32) ====================
2023-03-16 08:13:45.716 [I] [CAMILINHA ========            ] ==================== license id: CAREL ====================
2023-03-16 08:13:45.802 [I] [CAMILINHA CNM                 ] Registered listener CORE (1)
2023-03-16 08:13:45.808 [I] [CAMILINHA CNM                 ] Registered listener TaskManager::Connector (2)
2023-03-16 08:13:46.241 [N] [CAMILINHA CORE                ] Starting
2023-03-16 08:13:46.279 [I] [CAMILINHA CNM                 ] Registered listener OPCUA (3)
2023-03-16 08:13:46.287 [I] [CAMILINHA CNM                 ] Registered listener DATABASE (4)
2023-03-16 08:13:46.519 [N] [CAMILINHA CORE                ] Up
2023-03-16 08:13:46.533 [I] [CAMILINHA CORE                ] SYSTEM-STATE: Loading
2023-03-16 08:13:48.387 [N] [CAMILINHA OPCUA               ] Starting
2023-03-16 08:13:48.770 [N] [CAMILINHA DATABASE            ] Starting
2023-03-16 08:13:53.541 [N] [CAMILINHA DATABASE            ] Up
2023-03-16 08:13:53.541 [N] [CAMILINHA OPCUA               ] Loaded
2023-03-16 08:13:53.574 [N] [CAMILINHA OPCUA               ] Up
2023-03-16 08:13:53.588 [I] [CAMILINHA CORE                ] SYSTEM-STATE: Loaded
2023-03-16 08:13:53.591 [I] [CAMILINHA CORE                ] SYSTEM-STATE: Starting
2023-03-16 08:13:53.602 [I] [CAMILINHA CNM                 ] Registered listener SCRIPT (5)
2023-03-16 08:13:53.603 [W] [CAMILINHA SCRIPT              ] Cannot trigger web, node, alarm, time and event triggered scripts in restricted mode.
2023-03-16 08:13:53.605 [I] [CAMILINHA CNM                 ] Registered listener GENERATOR (6)
2023-03-16 08:13:53.608 [N] [CAMILINHA SCRIPT              ] Starting
2023-03-16 08:13:53.607 [N] [CAMILINHA GENERATOR           ] Starting
2023-03-16 08:13:53.670 [N] [CAMILINHA SCRIPTV8M           ] Loading extension v8x_data.dll
2023-03-16 08:13:53.870 [N] [CAMILINHA SCRIPTV8M           ] Loading extension v8x_network.dll
2023-03-16 08:13:54.038 [N] [CAMILINHA SCRIPTV8M           ] Loading extension v8x_odbc.dll
2023-03-16 08:13:54.342 [N] [CAMILINHA SCRIPTV8M           ] Loading extension v8x_system.dll
2023-03-16 08:13:54.654 [N] [CAMILINHA GENERATOR           ] Up
2023-03-16 08:13:54.668 [N] [CAMILINHA SCRIPT              ] Up
2023-03-16 08:13:54.669 [I] [CAMILINHA CORE                ] SYSTEM-STATE: Up
2023-03-16 09:33:42.805 [N] [CAMILINHA CORE                ] Stopping modules
2023-03-16 09:33:42.814 [I] [CAMILINHA CORE                ] SYSTEM-STATE: Stopping
2023-03-16 09:33:42.818 [N] [CAMILINHA GENERATOR           ] Stopping
2023-03-16 09:33:42.821 [N] [CAMILINHA SCRIPT              ] Stopping
2023-03-16 09:33:42.828 [N] [CAMILINHA GENERATOR           ] Down
2023-03-16 09:33:42.906 [N] [CAMILINHA SCRIPT              ] Down
2023-03-16 09:33:42.908 [I] [CAMILINHA SCRIPT              ] Unregistering SCRIPT (5)
2023-03-16 09:33:42.934 [I] [CAMILINHA GENERATOR           ] Unregistering GENERATOR (6)
2023-03-16 09:33:42.941 [I] [CAMILINHA CORE                ] SYSTEM-STATE: Loaded
2023-03-16 09:33:42.941 [I] [CAMILINHA CORE                ] SYSTEM-STATE: Unloading
2023-03-16 09:33:42.945 [N] [CAMILINHA OPCUA               ] Stopping
2023-03-16 09:33:42.948 [N] [CAMILINHA DATABASE            ] Stopping
2023-03-16 09:33:43.085 [N] [CAMILINHA DATABASE            ] Down
2023-03-16 09:33:43.495 [N] [CAMILINHA OPCUA               ] Down
2023-03-16 09:33:43.508 [I] [CAMILINHA CORE                ] SYSTEM-STATE: Down
2023-03-16 09:33:43.682 [N] [CAMILINHA CORE                ] Down
2023-03-16 09:37:27.826 [I] [CAMILINHA ========            ] ==================== atvise server (3.4.0 (560-cb1aefc07) 32bit / Windows NT 6.2 (Build 9200) IA32) ====================
2023-03-16 09:37:27.831 [I] [CAMILINHA ========            ] ==================== license id: CAREL ====================
2023-03-16 09:37:27.831 [I] [CAMILINHA CNM                 ] Registered listener CORE (1)
2023-03-16 09:37:27.831 [I] [CAMILINHA CNM                 ] Registered listener TaskManager::Connector (2)
2023-03-16 09:37:27.832 [N] [CAMILINHA CORE                ] Starting
2023-03-16 09:37:27.835 [I] [CAMILINHA CNM                 ] Registered listener OPCUA (3)
2023-03-16 09:37:27.835 [I] [CAMILINHA CNM                 ] Registered listener DATABASE (4)
2023-03-16 09:37:27.836 [N] [CAMILINHA CORE                ] Up
2023-03-16 09:37:27.837 [I] [CAMILINHA CORE                ] SYSTEM-STATE: Loading
2023-03-16 09:37:27.853 [N] [CAMILINHA OPCUA               ] Starting
2023-03-16 09:37:27.860 [N] [CAMILINHA DATABASE            ] Starting
2023-03-16 09:37:28.344 [N] [CAMILINHA DATABASE            ] Up
2023-03-16 09:37:28.344 [N] [CAMILINHA OPCUA               ] Loaded
2023-03-16 09:37:28.360 [N] [CAMILINHA OPCUA               ] Up
2023-03-16 09:37:28.375 [I] [CAMILINHA CORE                ] SYSTEM-STATE: Loaded
2023-03-16 09:37:28.375 [I] [CAMILINHA CORE                ] SYSTEM-STATE: Starting
2023-03-16 09:37:28.375 [I] [CAMILINHA CNM                 ] Registered listener SCRIPT (5)
2023-03-16 09:37:28.375 [W] [CAMILINHA SCRIPT              ] Cannot trigger web, node, alarm, time and event triggered scripts in restricted mode.
2023-03-16 09:37:28.375 [I] [CAMILINHA CNM                 ] Registered listener GENERATOR (6)
2023-03-16 09:37:28.390 [N] [CAMILINHA SCRIPT              ] Starting
2023-03-16 09:37:28.390 [N] [CAMILINHA GENERATOR           ] Starting
2023-03-16 09:37:28.395 [N] [CAMILINHA SCRIPTV8M           ] Loading extension v8x_data.dll
2023-03-16 09:37:28.414 [N] [CAMILINHA SCRIPTV8M           ] Loading extension v8x_network.dll
2023-03-16 09:37:28.417 [N] [CAMILINHA SCRIPTV8M           ] Loading extension v8x_odbc.dll
2023-03-16 09:37:28.419 [N] [CAMILINHA SCRIPTV8M           ] Loading extension v8x_system.dll
2023-03-16 09:37:28.554 [N] [CAMILINHA GENERATOR           ] Up
2023-03-16 09:37:28.558 [N] [CAMILINHA SCRIPT              ] Up
2023-03-16 09:37:28.559 [I] [CAMILINHA CORE                ] SYSTEM-STATE: Up
2023-03-16 09:38:07.804 [E] [CAMILINHA GENERATOR           ] Couldn't distribute server 'ESPLANADA': FTP Exception: Cannot remove 10pavb.png: 550 Could not delete 10pavb.png: No such file or directory
2023-03-16 10:14:12.183 [E] [CAMILINHA GENERATOR           ] Couldn't distribute server 'ESPLANADA': FTP Exception: Cannot remove 10pavb.png: 550 Could not delete 10pavb.png: No such file or directory
2023-03-16 13:54:21.191 [E] [CAMILINHA GENERATOR           ] Couldn't distribute server 'ESPLANADA': FTP Exception: Cannot remove 10pavb.png: 550 Could not delete 10pavb.png: No such file or directory
2023-03-16 13:55:01.204 [E] [CAMILINHA GENERATOR           ] Couldn't distribute server 'ESPLANADA': FTP Exception: Cannot remove 10pavb.png: 550 Could not delete 10pavb.png: No such file or directory
2023-03-16 13:58:23.387 [E] [CAMILINHA GENERATOR           ] Couldn't distribute server 'ESPLANADA': FTP Exception: Cannot remove 10pavb.png: 550 Could not delete 10pavb.png: No such file or directory
2023-03-16 14:00:28.849 [E] [CAMILINHA GENERATOR           ] Couldn't distribute server 'ESPLANADA': FTP Exception: Cannot remove 10pavb.png: 550 Could not delete 10pavb.png: No such file or directory
2023-03-16 14:12:50.527 [E] [CAMILINHA GENERATOR           ] Couldn't distribute server 'ESPLANADA': FTP Exception: Cannot remove 10pavb.png: 550 Could not delete 10pavb.png: No such file or directory
2023-03-16 14:16:03.608 [E] [CAMILINHA GENERATOR           ] Couldn't distribute server 'ESPLANADA': FTP Exception: Cannot remove 10pavb.png: 550 Could not delete 10pavb.png: No such file or directory
2023-03-16 14:17:32.892 [N] [CAMILINHA CORE                ] Stopping modules
2023-03-16 14:17:32.893 [I] [CAMILINHA CORE                ] SYSTEM-STATE: Stopping
2023-03-16 14:17:32.906 [N] [CAMILINHA GENERATOR           ] Stopping
2023-03-16 14:17:32.909 [N] [CAMILINHA SCRIPT              ] Stopping
2023-03-16 14:17:32.914 [N] [CAMILINHA GENERATOR           ] Down
2023-03-16 14:17:32.973 [N] [CAMILINHA SCRIPT              ] Down
2023-03-16 14:17:32.974 [I] [CAMILINHA SCRIPT              ] Unregistering SCRIPT (5)
2023-03-16 14:17:32.999 [I] [CAMILINHA GENERATOR           ] Unregistering GENERATOR (6)
2023-03-16 14:17:33.007 [I] [CAMILINHA CORE                ] SYSTEM-STATE: Loaded
2023-03-16 14:17:33.007 [I] [CAMILINHA CORE                ] SYSTEM-STATE: Unloading
2023-03-16 14:17:33.007 [N] [CAMILINHA OPCUA               ] Stopping
2023-03-16 14:17:33.011 [N] [CAMILINHA DATABASE            ] Stopping
2023-03-16 14:17:33.142 [N] [CAMILINHA DATABASE            ] Down
2023-03-16 14:17:33.453 [N] [CAMILINHA OPCUA               ] Down
2023-03-16 14:17:33.460 [I] [CAMILINHA CORE                ] SYSTEM-STATE: Down
2023-03-16 14:17:33.634 [N] [CAMILINHA CORE                ] Down
2023-03-16 14:20:31.506 [I] [CAMILINHA ========            ] ==================== atvise server (3.4.0 (560-cb1aefc07) 32bit / Windows NT 6.2 (Build 9200) IA32) ====================
2023-03-16 14:20:31.511 [I] [CAMILINHA ========            ] ==================== license id: CAREL ====================
2023-03-16 14:20:31.511 [I] [CAMILINHA CNM                 ] Registered listener CORE (1)
2023-03-16 14:20:31.511 [I] [CAMILINHA CNM                 ] Registered listener TaskManager::Connector (2)
2023-03-16 14:20:31.512 [N] [CAMILINHA CORE                ] Starting
2023-03-16 14:20:31.514 [I] [CAMILINHA CNM                 ] Registered listener OPCUA (3)
2023-03-16 14:20:31.514 [I] [CAMILINHA CNM                 ] Registered listener DATABASE (4)
2023-03-16 14:20:31.516 [N] [CAMILINHA CORE                ] Up
2023-03-16 14:20:31.516 [I] [CAMILINHA CORE                ] SYSTEM-STATE: Loading
2023-03-16 14:20:31.533 [N] [CAMILINHA OPCUA               ] Starting
2023-03-16 14:20:31.538 [N] [CAMILINHA DATABASE            ] Starting
2023-03-16 14:20:32.025 [N] [CAMILINHA DATABASE            ] Up
2023-03-16 14:20:32.025 [N] [CAMILINHA OPCUA               ] Loaded
2023-03-16 14:20:32.041 [N] [CAMILINHA OPCUA               ] Up
2023-03-16 14:20:32.056 [I] [CAMILINHA CORE                ] SYSTEM-STATE: Loaded
2023-03-16 14:20:32.056 [I] [CAMILINHA CORE                ] SYSTEM-STATE: Starting
2023-03-16 14:20:32.056 [I] [CAMILINHA CNM                 ] Registered listener SCRIPT (5)
2023-03-16 14:20:32.056 [W] [CAMILINHA SCRIPT              ] Cannot trigger web, node, alarm, time and event triggered scripts in restricted mode.
2023-03-16 14:20:32.056 [I] [CAMILINHA CNM                 ] Registered listener GENERATOR (6)
2023-03-16 14:20:32.071 [N] [CAMILINHA SCRIPT              ] Starting
2023-03-16 14:20:32.071 [N] [CAMILINHA GENERATOR           ] Starting
2023-03-16 14:20:32.075 [N] [CAMILINHA SCRIPTV8M           ] Loading extension v8x_data.dll
2023-03-16 14:20:32.083 [N] [CAMILINHA SCRIPTV8M           ] Loading extension v8x_network.dll
2023-03-16 14:20:32.085 [N] [CAMILINHA SCRIPTV8M           ] Loading extension v8x_odbc.dll
2023-03-16 14:20:32.086 [N] [CAMILINHA SCRIPTV8M           ] Loading extension v8x_system.dll
2023-03-16 14:20:32.231 [N] [CAMILINHA GENERATOR           ] Up
2023-03-16 14:20:32.245 [N] [CAMILINHA SCRIPT              ] Up
2023-03-16 14:20:32.245 [I] [CAMILINHA CORE                ] SYSTEM-STATE: Up
2023-03-16 14:20:59.095 [E] [CAMILINHA GENERATOR           ] Couldn't distribute server 'ESPLANADA': FTP Exception: Cannot remove 10pavb.png: 550 Could not delete 10pavb.png: No such file or directory
2023-03-16 14:27:00.782 [E] [CAMILINHA GENERATOR           ] Couldn't distribute server 'ESPLANADA': FTP Exception: Cannot remove 10pavb.png: 550 Could not delete 10pavb.png: No such file or directory
2023-03-16 14:42:04.582 [E] [CAMILINHA GENERATOR           ] Couldn't distribute server 'ESPLANADA': FTP Exception: Cannot remove 10pavb.png: 550 Could not delete 10pavb.png: No such file or directory
2023-03-16 14:53:41.543 [E] [CAMILINHA GENERATOR           ] Couldn't distribute server 'ESPLANADA': FTP Exception: Cannot remove 10pavb.png: 550 Could not delete 10pavb.png: No such file or directory
2023-03-16 14:54:35.774 [E] [CAMILINHA GENERATOR           ] Couldn't distribute server 'ESPLANADA': FTP Exception: Cannot remove 10pavb.png: 550 Could not delete 10pavb.png: No such file or directory
2023-03-16 15:00:58.943 [E] [CAMILINHA GENERATOR           ] Couldn't distribute server 'ESPLANADA': FTP Exception: Cannot remove 10pavb.png: 550 Could not delete 10pavb.png: No such file or directory
2023-03-16 15:07:59.294 [E] [CAMILINHA GENERATOR           ] Couldn't distribute server 'ESPLANADA': FTP Exception: Cannot remove 10pavb.png: 550 Could not delete 10pavb.png: No such file or directory
2023-03-16 15:12:27.425 [E] [CAMILINHA GENERATOR           ] Couldn't distribute server 'ESPLANADA': FTP Exception: Cannot remove 10pavb.png: 550 Could not delete 10pavb.png: No such file or directory
2023-03-16 15:13:28.634 [E] [CAMILINHA GENERATOR           ] Couldn't distribute server 'ESPLANADA': FTP Exception: Cannot remove 10pavb.png: 550 Could not delete 10pavb.png: No such file or directory
2023-03-16 15:15:59.096 [E] [CAMILINHA GENERATOR           ] Couldn't distribute server 'ESPLANADA': FTP Exception: Cannot remove 10pavb.png: 550 Could not delete 10pavb.png: No such file or directory
2023-03-16 15:24:51.933 [E] [CAMILINHA GENERATOR           ] Couldn't distribute server 'ESPLANADA': FTP Exception: Cannot remove 10pavb.png: 550 Could not delete 10pavb.png: No such file or directory
2023-03-16 15:32:42.056 [E] [CAMILINHA GENERATOR           ] Couldn't distribute server 'ESPLANADA': FTP Exception: Cannot remove 10pavb.png: 550 Could not delete 10pavb.png: No such file or directory
2023-03-16 15:33:08.061 [N] [CAMILINHA CORE                ] Stopping modules
2023-03-16 15:33:08.062 [I] [CAMILINHA CORE                ] SYSTEM-STATE: Stopping
2023-03-16 15:33:08.076 [N] [CAMILINHA GENERATOR           ] Stopping
2023-03-16 15:33:08.078 [N] [CAMILINHA SCRIPT              ] Stopping
2023-03-16 15:33:08.093 [N] [CAMILINHA GENERATOR           ] Down
2023-03-16 15:33:08.138 [N] [CAMILINHA SCRIPT              ] Down
2023-03-16 15:33:08.141 [I] [CAMILINHA SCRIPT              ] Unregistering SCRIPT (5)
2023-03-16 15:33:08.163 [I] [CAMILINHA GENERATOR           ] Unregistering GENERATOR (6)
2023-03-16 15:33:08.172 [I] [CAMILINHA CORE                ] SYSTEM-STATE: Loaded
2023-03-16 15:33:08.172 [I] [CAMILINHA CORE                ] SYSTEM-STATE: Unloading
2023-03-16 15:33:08.174 [N] [CAMILINHA OPCUA               ] Stopping
2023-03-16 15:33:08.179 [N] [CAMILINHA DATABASE            ] Stopping
2023-03-16 15:33:08.262 [N] [CAMILINHA DATABASE            ] Down
2023-03-16 15:33:08.541 [N] [CAMILINHA OPCUA               ] Down
2023-03-16 15:33:08.555 [I] [CAMILINHA CORE                ] SYSTEM-STATE: Down
2023-03-16 15:33:08.725 [N] [CAMILINHA CORE                ] Down
